Running: C:\Xilinx\12.4\ISE_DS\ISE\bin\nt64\unwrapped\fuse.exe -intstyle ise -incremental -o S:/CS2204/exp1/Ppm/u74_157_isim_beh.exe -prj S:/CS2204/exp1/Ppm/u74_157_beh.prj work.u74_157 
ISim M.81d (signature 0x12940baa)
Number of CPUs detected in this system: 2
Turning on mult-threading, number of parallel sub-compilation jobs: 4 
Determining compilation order of HDL files
Parsing VHDL file "S:/CS2204/exp1/Ppm/u74_157.vhf" into library work
Starting static elaboration
Completed static elaboration
Using precompiled package standard from library std
Using precompiled package std_logic_1164 from library ieee
Using precompiled package numeric_std from library ieee
Compiling package vcomponents
Compiling architecture and3_v of entity and3 [and3_default]
Compiling architecture and3b1_v of entity and3b1 [and3b1_default]
Compiling architecture or2_v of entity or2 [or2_default]
Compiling architecture behavioral of entity m2_1e_mxilinx_u74_157 [m2_1e_mxilinx_u74_157_default]
Compiling architecture inv_v of entity inv [inv_default]
Compiling architecture behavioral of entity u74_157
Time Resolution for simulation is 1ps.
Waiting for 4 sub-compilation(s) to finish...
Compiled 15 VHDL Units
Built simulation executable S:/CS2204/exp1/Ppm/u74_157_isim_beh.exe
Fuse Memory Usage: 31600 KB
Fuse CPU Usage: 499 ms
