ISim log file
Running: C:\Users\Benson\SkyDrive\Poly\Fall 13\CS2204\teamgold.git\Experiment 4\ppm_isim_beh.exe -gui -tclbatch isim.cmd -wdb C:/Users/Benson/SkyDrive/Poly/Fall 13/CS2204/teamgold.git/Experiment 4/ppm_isim_beh.wdb 
ISim M.81d (signature 0x12940baa)
WARNING: A WEBPACK license was found.
WARNING: Please use Xilinx License Configuration Manager to check out a full ISim license.
WARNING: ISim will run in Lite mode. Please refer to the ISim documentation for more information on the differences between the Lite and the Full version.
This is a Lite version of ISim.
Time resolution is 1 ps
# onerror resume
# wave add /
# run 1000 ns
Simulator is doing circuit initialization process.
Finished circuit initialization process.
# run 40ps
# restart
# run 40ps
Simulator is doing circuit initialization process.
Finished circuit initialization process.
# isim force add /ppm/disp0 1 -radix bin
# run 40ps
# isim force add /ppm/disp6 1 -radix bin
# run 40ps
# isim force add /ppm/disp12 1 -radix bin
# run 40ps
# isim force add /ppm/disp11 1 -radix bin
# run 40ps
# isim force add /ppm/disp7 1 -radix bin
# isim force add /ppm/disp10 1 -radix bin
# run 40ps
# isim force add /ppm/disp14 1 -radix bin
# run 40ps
# isim force add /ppm/disp15 1 -radix bin
# run 40ps
# isim force add /ppm/disp4 1 -radix bin
# run 40ps
