--------------------------------------------------------------------------------
Release 12.4 Trace  (lin64)
Copyright (c) 1995-2010 Xilinx, Inc.  All rights reserved.

/opt/Xilinx/12.4/ISE_DS/ISE/bin/lin64/unwrapped/trce -intstyle ise -v 3 -s 5 -n
3 -fastpaths -xml ppm.twx ppm.ncd -o ppm.twr ppm.pcf -ucf ppm.ucf

Design file:              ppm.ncd
Physical constraint file: ppm.pcf
Device,package,speed:     xc3s500e,fg320,-5 (PRODUCTION 1.27 2010-11-18)
Report level:             verbose report

Environment Variable      Effect 
--------------------      ------ 
NONE                      No environment variables were set
--------------------------------------------------------------------------------

INFO:Timing:2698 - No timing constraints found, doing default enumeration.
INFO:Timing:2752 - To get complete path coverage, use the unconstrained paths 
   option. All paths that are not constrained will be reported in the 
   unconstrained paths section(s) of the report.
INFO:Timing:3339 - The clock-to-out numbers in this timing report are based on 
   a 50 Ohm transmission line loading model.  For the details of this model, 
   and for more information on accounting for different loading conditions, 
   please see the device datasheet.
INFO:Timing:3390 - This architecture does not support a default System Jitter 
   value, please add SYSTEM_JITTER constraint to the UCF to modify the Clock 
   Uncertainty calculation.
INFO:Timing:3389 - This architecture does not support 'Discrete Jitter' and 
   'Phase Error' calculations, these terms will be zero in the Clock 
   Uncertainty calculation.  Please make appropriate modification to 
   SYSTEM_JITTER to account for the unsupported Discrete Jitter and Phase 
   Error.



Data Sheet report:
-----------------
All values displayed in nanoseconds (ns)

Clock to Setup on destination clock CLOCK_NP2B
---------------+---------+---------+---------+---------+
               | Src:Rise| Src:Fall| Src:Rise| Src:Fall|
Source Clock   |Dest:Rise|Dest:Rise|Dest:Fall|Dest:Fall|
---------------+---------+---------+---------+---------+
CLOCK_NP2B     |    5.541|         |         |         |
---------------+---------+---------+---------+---------+

Pad to Pad
---------------+---------------+---------+
Source Pad     |Destination Pad|  Delay  |
---------------+---------------+---------+
P1ADD_NP2B     |A1_NB2P        |   11.447|
P1ADD_NP2B     |A2_NB2P        |   12.015|
P1ADD_NP2B     |A3_NB2P        |   12.142|
P1ADD_NP2B     |A4_NB2P        |   11.300|
P1ADD_NP2B     |ADD_NB2P       |    7.321|
P1ADD_NP2B     |RD0_NB2P       |    7.580|
P1PLAY_NP2B    |CA_NB2P        |   14.179|
P1PLAY_NP2B    |CB_NB2P        |   13.671|
P1PLAY_NP2B    |CC_NB2P        |   13.255|
P1PLAY_NP2B    |CD_NB2P        |   12.911|
P1PLAY_NP2B    |CE_NB2P        |   13.014|
P1PLAY_NP2B    |CF_NB2P        |   13.623|
P1PLAY_NP2B    |CG_NB2P        |   13.576|
P1SEL0_NP2B    |RD0_NB2P       |   10.041|
P1SEL0_NP2B    |RD1_NB2P       |    9.651|
P1SEL0_NP2B    |RD2_NB2P       |   12.431|
P1SEL0_NP2B    |RD3_NB2P       |    8.698|
P1SEL1_NP2B    |RD0_NB2P       |   10.058|
P1SEL1_NP2B    |RD1_NB2P       |    9.668|
P1SEL1_NP2B    |RD2_NB2P       |   12.448|
P1SEL1_NP2B    |RD3_NB2P       |    8.715|
P1SEL2_NP2B    |RD0_NB2P       |    9.233|
P1SEL2_NP2B    |RD1_NB2P       |    8.843|
P1SEL2_NP2B    |RD2_NB2P       |   11.623|
P1SEL2_NP2B    |RD3_NB2P       |    7.890|
P1SEL3_NP2B    |RD0_NB2P       |    9.525|
P1SEL3_NP2B    |RD1_NB2P       |    9.135|
P1SEL3_NP2B    |RD2_NB2P       |   11.915|
P1SEL3_NP2B    |RD3_NB2P       |    8.182|
SHPTS_NP2B     |A1_NB2P        |    8.784|
SHPTS_NP2B     |A2_NB2P        |    9.352|
SHPTS_NP2B     |A3_NB2P        |    9.479|
SHPTS_NP2B     |A4_NB2P        |    8.637|
SHPTS_NP2B     |CA_NB2P        |   14.405|
SHPTS_NP2B     |CB_NB2P        |   14.608|
SHPTS_NP2B     |CC_NB2P        |   14.192|
SHPTS_NP2B     |CD_NB2P        |   13.848|
SHPTS_NP2B     |CE_NB2P        |   13.246|
SHPTS_NP2B     |CF_NB2P        |   13.642|
SHPTS_NP2B     |CG_NB2P        |   13.595|
TRD1_NP2B      |RD1_NB2P       |    6.864|
TRD2_NP2B      |RD2_NB2P       |    8.111|
TRD3_NP2B      |RD3_NB2P       |    7.888|
---------------+---------------+---------+


Analysis completed Fri Nov  1 12:39:32 2013 
--------------------------------------------------------------------------------

Trace Settings:
-------------------------
Trace Settings 

Peak Memory Usage: 242 MB



